TN:
SF:src/index.js
FN:11,(anonymous_0)
FN:15,(anonymous_1)
FN:31,(anonymous_2)
FN:35,(anonymous_3)
FN:48,(anonymous_4)
FN:51,(anonymous_5)
FN:62,(anonymous_6)
FN:65,(anonymous_7)
FNF:8
FNH:8
FNDA:3,(anonymous_0)
FNDA:6,(anonymous_1)
FNDA:3,(anonymous_2)
FNDA:10,(anonymous_3)
FNDA:2,(anonymous_4)
FNDA:9,(anonymous_5)
FNDA:2,(anonymous_6)
FNDA:2,(anonymous_7)
DA:1,2
DA:3,2
DA:5,2
DA:7,2
DA:9,2
DA:11,2
DA:12,3
DA:15,2
DA:16,6
DA:18,6
DA:26,6
DA:28,6
DA:31,2
DA:32,3
DA:33,3
DA:35,10
DA:37,3
DA:38,1
DA:41,2
DA:43,2
DA:45,2
DA:48,2
DA:49,2
DA:51,9
DA:53,2
DA:54,1
DA:57,1
DA:59,1
DA:62,2
DA:63,2
DA:65,2
DA:67,2
DA:68,1
DA:71,1
DA:73,1
DA:76,2
LF:36
LH:36
BRDA:37,0,0,1
BRDA:37,0,1,2
BRDA:53,1,0,1
BRDA:53,1,1,1
BRDA:67,2,0,1
BRDA:67,2,1,1
BRF:6
BRH:6
end_of_record
